<?xml version="1.0" encoding="UTF-8"?>
<!-- Generated by org.testng.reporters.JUnitReportReporter -->
<testsuite skipped="0" hostname="DESKTOP-82OA5DQ" name="test.LoginTest" tests="1" failures="0" timestamp="2021-10-15T16:47:01 CDT" time="10.785" errors="0">
  <testcase name="validUserShouldBeAbelToLogin" time="10.785" classname="test.LoginTest"/>
  <system-out/>
</testsuite> <!-- test.LoginTest -->
