<?xml version="1.0" encoding="UTF-8"?>
<!-- Generated by org.testng.reporters.JUnitReportReporter -->
<testsuite skipped="0" hostname="DESKTOP-82OA5DQ" name="test.AddCustomerTest" tests="1" failures="0" timestamp="2021-10-14T02:13:41 CDT" time="17.051" errors="0">
  <testcase name="validUserShouldBeAbelToAddCustomer" time="17.051" classname="test.AddCustomerTest"/>
  <system-out/>
</testsuite> <!-- test.AddCustomerTest -->
